[2023-03-14T09:54:38.162] [INFO] default - 2023-03-14T08:54:38.161Z GET /api/people {}
[2023-03-14T09:54:38.679] [INFO] default - 2023-03-14T08:54:38.679Z GET /favicon.ico {}
[2023-03-14T09:54:50.056] [INFO] default - 2023-03-14T08:54:50.056Z GET /api/people/4 {}
[2023-03-14T09:54:56.531] [INFO] default - 2023-03-14T08:54:56.531Z GET /api/people/10 {}
[2023-03-14T10:04:30.816] [INFO] default - 2023-03-14T09:04:30.816Z POST /api/people/ {"name":"Anders And","age":130,"city":"Andeby"}
[2023-03-14T10:17:12.596] [INFO] default - 2023-03-14T09:17:12.595Z POST /api/people/31 {"name":"Anders And","age":131,"city":"Andeby"}
[2023-03-14T10:17:19.892] [INFO] default - 2023-03-14T09:17:19.892Z PUT /api/people/31 {"name":"Anders And","age":131,"city":"Andeby"}
[2023-03-14T10:17:40.049] [INFO] default - 2023-03-14T09:17:40.049Z GET /api/people/ {"name":"Anders And","age":131,"city":"Andeby"}
[2023-03-14T10:17:48.000] [INFO] default - 2023-03-14T09:17:48.000Z GET /api/people/ {}
[2023-03-14T10:18:22.011] [INFO] default - 2023-03-14T09:18:22.011Z GET /api/people/ {}
[2023-03-14T10:18:27.771] [INFO] default - 2023-03-14T09:18:27.771Z GET /api/people/ {"name":"Anders And","age":131,"city":"Andeby"}
[2023-03-14T10:19:53.206] [INFO] default - 2023-03-14T09:19:53.206Z GET /api/people/ {"name":"Anders And","age":131,"city":"Andeby"}
[2023-03-14T10:20:00.207] [INFO] default - 2023-03-14T09:20:00.207Z GET /api/people/ {}
[2023-03-14T10:20:01.082] [INFO] default - 2023-03-14T09:20:01.082Z GET /api/people/ {}
[2023-03-14T10:20:01.263] [INFO] default - 2023-03-14T09:20:01.263Z GET /api/people/ {}
[2023-03-14T10:20:01.432] [INFO] default - 2023-03-14T09:20:01.431Z GET /api/people/ {}
[2023-03-14T10:20:01.612] [INFO] default - 2023-03-14T09:20:01.612Z GET /api/people/ {}
[2023-03-14T10:20:01.796] [INFO] default - 2023-03-14T09:20:01.796Z GET /api/people/ {}
[2023-03-14T10:20:02.001] [INFO] default - 2023-03-14T09:20:02.001Z GET /api/people/ {}
[2023-03-14T10:20:42.627] [INFO] default - 2023-03-14T09:20:42.626Z GET /api/people/ {}
[2023-03-14T10:20:43.451] [INFO] default - 2023-03-14T09:20:43.451Z GET /api/people/ {}
[2023-03-14T10:20:50.950] [INFO] default - 2023-03-14T09:20:50.950Z GET /api/people {}
[2023-03-14T10:20:54.700] [INFO] default - 2023-03-14T09:20:54.700Z GET /api/people/ {}
[2023-03-14T10:22:32.625] [INFO] default - 2023-03-14T09:22:32.625Z GET /api/people/ {}
[2023-03-14T10:22:33.495] [INFO] default - 2023-03-14T09:22:33.495Z GET /api/people/ {}
[2023-03-14T10:22:33.696] [INFO] default - 2023-03-14T09:22:33.696Z GET /api/people/ {}
[2023-03-14T10:22:33.874] [INFO] default - 2023-03-14T09:22:33.874Z GET /api/people/ {}
[2023-03-14T10:22:34.058] [INFO] default - 2023-03-14T09:22:34.058Z GET /api/people/ {}
[2023-03-14T10:22:34.246] [INFO] default - 2023-03-14T09:22:34.246Z GET /api/people/ {}
[2023-03-14T10:22:34.424] [INFO] default - 2023-03-14T09:22:34.424Z GET /api/people/ {}
[2023-03-14T10:22:34.603] [INFO] default - 2023-03-14T09:22:34.603Z GET /api/people/ {}
[2023-03-14T10:22:42.325] [INFO] default - 2023-03-14T09:22:42.325Z GET /api/people/ {}
[2023-03-14T10:22:43.361] [INFO] default - 2023-03-14T09:22:43.361Z GET /api/people/ {}
[2023-03-14T10:22:47.543] [INFO] default - 2023-03-14T09:22:47.543Z GET /api/people/ {}
[2023-03-14T10:24:33.948] [INFO] default - 2023-03-14T09:24:33.947Z GET /api/people {}
[2023-03-14T10:24:56.011] [INFO] default - 2023-03-14T09:24:56.011Z GET /api/people {}
[2023-03-14T10:25:41.831] [INFO] default - 2023-03-14T09:25:41.831Z GET /api/people {}
[2023-03-14T10:26:39.141] [INFO] default - 2023-03-14T09:26:39.140Z GET /api/people {}
[2023-03-14T10:26:47.865] [INFO] default - 2023-03-14T09:26:47.865Z GET /api/people {}
[2023-03-14T10:31:52.473] [INFO] default - 2023-03-14T09:31:52.472Z GET /api/people {}
